

Microchip MPLAB XC8 Assembler V2.32 build 20210201212658 
                                                                                               Sun Jul 04 18:00:41 2021

Microchip MPLAB XC8 C Compiler v2.32 (Free license) build 20210201212658 Og1 
     1                           	processor	16F1827
     2                           	pagewidth 120
     3                           	opt	flic
     4                           	psect	cinit,global,class=CODE,merge=1,delta=2
     5                           	psect	cstackCOMMON,global,class=COMMON,space=1,delta=1,noexec
     6                           	psect	maintext,global,class=CODE,merge=1,split=1,delta=2
     7                           	psect	text1,local,class=CODE,merge=1,delta=2
     8                           	psect	text2,local,class=CODE,merge=1,delta=2
     9                           	psect	text3,local,class=CODE,merge=1,delta=2
    10                           	psect	text4,local,class=CODE,merge=1,delta=2
    11                           	psect	config,global,abs,ovrld,class=CONFIG,space=4,delta=2,noexec
    12                           	dabs	1,0x7E,2
    13  0000                     
    14                           ; Version 2.32
    15                           ; Generated 02/02/2021 GMT
    16                           ; 
    17                           ; Copyright © 2021, Microchip Technology Inc. and its subsidiaries ("Microchip")
    18                           ; All rights reserved.
    19                           ; 
    20                           ; This software is developed by Microchip Technology Inc. and its subsidiaries ("Microch
      +                          ip").
    21                           ; 
    22                           ; Redistribution and use in source and binary forms, with or without modification, are
    23                           ; permitted provided that the following conditions are met:
    24                           ; 
    25                           ;     1. Redistributions of source code must retain the above copyright notice, this lis
      +                          t of
    26                           ;        conditions and the following disclaimer.
    27                           ; 
    28                           ;     2. Redistributions in binary form must reproduce the above copyright notice, this 
      +                          list
    29                           ;        of conditions and the following disclaimer in the documentation and/or other
    30                           ;        materials provided with the distribution. Publication is not required when
    31                           ;        this file is used in an embedded application.
    32                           ; 
    33                           ;     3. Microchip's name may not be used to endorse or promote products derived from th
      +                          is
    34                           ;        software without specific prior written permission.
    35                           ; 
    36                           ; THIS SOFTWARE IS PROVIDED BY MICROCHIP "AS IS" AND ANY EXPRESS OR IMPLIED WARRANTIES,
    37                           ; INCLUDING, BUT NOT LIMITED TO, THE IMPLIED WARRANTIES OF MERCHANTABILITY AND FITNESS F
      +                          OR
    38                           ; PURPOSE ARE DISCLAIMED.  IN NO EVENT SHALL MICROCHIP BE LIABLE FOR ANY DIRECT, INDIREC
      +                          T,
    39                           ; INCIDENTAL, SPECIAL, EXEMPLARY, OR CONSEQUENTIAL DAMAGES (INCLUDING BUT NOT LIMITED TO
    40                           ; PROCUREMENT OF SUBSTITUTE GOODS OR SERVICES; LOSS OF USE, DATA OR PROFITS; OR BUSINESS
    41                           ; INTERRUPTION) HOWSOEVER CAUSED AND ON ANY THEORY OF LIABILITY, WHETHER IN CONTRACT, ST
      +                          RICT
    42                           ; LIABILITY, OR TORT (INCLUDING NEGLIGENCE OR OTHERWISE) ARISING IN ANY WAY OUT OF THE U
      +                          SE OF
    43                           ; THIS SOFTWARE, EVEN IF ADVISED OF THE POSSIBILITY OF SUCH DAMAGE.
    44                           ; 
    45                           ; 
    46                           ; Code-generator required, PIC16F1827 Definitions
    47                           ; 
    48                           ; SFR Addresses
    49  0000                     	;# 
    50  0001                     	;# 
    51  0002                     	;# 
    52  0003                     	;# 
    53  0004                     	;# 
    54  0005                     	;# 
    55  0006                     	;# 
    56  0007                     	;# 
    57  0008                     	;# 
    58  0009                     	;# 
    59  000A                     	;# 
    60  000B                     	;# 
    61  000C                     	;# 
    62  000D                     	;# 
    63  0011                     	;# 
    64  0012                     	;# 
    65  0013                     	;# 
    66  0014                     	;# 
    67  0015                     	;# 
    68  0016                     	;# 
    69  0016                     	;# 
    70  0017                     	;# 
    71  0018                     	;# 
    72  0019                     	;# 
    73  001A                     	;# 
    74  001B                     	;# 
    75  001C                     	;# 
    76  001E                     	;# 
    77  001F                     	;# 
    78  008C                     	;# 
    79  008D                     	;# 
    80  0091                     	;# 
    81  0092                     	;# 
    82  0093                     	;# 
    83  0094                     	;# 
    84  0095                     	;# 
    85  0096                     	;# 
    86  0097                     	;# 
    87  0098                     	;# 
    88  0099                     	;# 
    89  009A                     	;# 
    90  009B                     	;# 
    91  009B                     	;# 
    92  009C                     	;# 
    93  009D                     	;# 
    94  009E                     	;# 
    95  010C                     	;# 
    96  010D                     	;# 
    97  0111                     	;# 
    98  0112                     	;# 
    99  0113                     	;# 
   100  0114                     	;# 
   101  0115                     	;# 
   102  0116                     	;# 
   103  0117                     	;# 
   104  0118                     	;# 
   105  0119                     	;# 
   106  011A                     	;# 
   107  011B                     	;# 
   108  011D                     	;# 
   109  011E                     	;# 
   110  018C                     	;# 
   111  018D                     	;# 
   112  0191                     	;# 
   113  0191                     	;# 
   114  0192                     	;# 
   115  0193                     	;# 
   116  0193                     	;# 
   117  0193                     	;# 
   118  0194                     	;# 
   119  0195                     	;# 
   120  0196                     	;# 
   121  0199                     	;# 
   122  019A                     	;# 
   123  019B                     	;# 
   124  019B                     	;# 
   125  019B                     	;# 
   126  019B                     	;# 
   127  019C                     	;# 
   128  019C                     	;# 
   129  019D                     	;# 
   130  019E                     	;# 
   131  019F                     	;# 
   132  020C                     	;# 
   133  020D                     	;# 
   134  0211                     	;# 
   135  0211                     	;# 
   136  0212                     	;# 
   137  0212                     	;# 
   138  0213                     	;# 
   139  0213                     	;# 
   140  0214                     	;# 
   141  0214                     	;# 
   142  0215                     	;# 
   143  0215                     	;# 
   144  0215                     	;# 
   145  0216                     	;# 
   146  0216                     	;# 
   147  0217                     	;# 
   148  0217                     	;# 
   149  0219                     	;# 
   150  021A                     	;# 
   151  021B                     	;# 
   152  021C                     	;# 
   153  021D                     	;# 
   154  021E                     	;# 
   155  021F                     	;# 
   156  0291                     	;# 
   157  0291                     	;# 
   158  0292                     	;# 
   159  0293                     	;# 
   160  0294                     	;# 
   161  0295                     	;# 
   162  0295                     	;# 
   163  0296                     	;# 
   164  0298                     	;# 
   165  0298                     	;# 
   166  0299                     	;# 
   167  029A                     	;# 
   168  029B                     	;# 
   169  029C                     	;# 
   170  029C                     	;# 
   171  029D                     	;# 
   172  029E                     	;# 
   173  029E                     	;# 
   174  0311                     	;# 
   175  0311                     	;# 
   176  0312                     	;# 
   177  0313                     	;# 
   178  0318                     	;# 
   179  0318                     	;# 
   180  0319                     	;# 
   181  031A                     	;# 
   182  0394                     	;# 
   183  0395                     	;# 
   184  0396                     	;# 
   185  039A                     	;# 
   186  039C                     	;# 
   187  039D                     	;# 
   188  039E                     	;# 
   189  039F                     	;# 
   190  0415                     	;# 
   191  0416                     	;# 
   192  0417                     	;# 
   193  041C                     	;# 
   194  041D                     	;# 
   195  041E                     	;# 
   196  0FE4                     	;# 
   197  0FE5                     	;# 
   198  0FE6                     	;# 
   199  0FE7                     	;# 
   200  0FE8                     	;# 
   201  0FE9                     	;# 
   202  0FEA                     	;# 
   203  0FEB                     	;# 
   204  0FED                     	;# 
   205  0FEE                     	;# 
   206  0FEF                     	;# 
   207  0000                     	;# 
   208  0001                     	;# 
   209  0002                     	;# 
   210  0003                     	;# 
   211  0004                     	;# 
   212  0005                     	;# 
   213  0006                     	;# 
   214  0007                     	;# 
   215  0008                     	;# 
   216  0009                     	;# 
   217  000A                     	;# 
   218  000B                     	;# 
   219  000C                     	;# 
   220  000D                     	;# 
   221  0011                     	;# 
   222  0012                     	;# 
   223  0013                     	;# 
   224  0014                     	;# 
   225  0015                     	;# 
   226  0016                     	;# 
   227  0016                     	;# 
   228  0017                     	;# 
   229  0018                     	;# 
   230  0019                     	;# 
   231  001A                     	;# 
   232  001B                     	;# 
   233  001C                     	;# 
   234  001E                     	;# 
   235  001F                     	;# 
   236  008C                     	;# 
   237  008D                     	;# 
   238  0091                     	;# 
   239  0092                     	;# 
   240  0093                     	;# 
   241  0094                     	;# 
   242  0095                     	;# 
   243  0096                     	;# 
   244  0097                     	;# 
   245  0098                     	;# 
   246  0099                     	;# 
   247  009A                     	;# 
   248  009B                     	;# 
   249  009B                     	;# 
   250  009C                     	;# 
   251  009D                     	;# 
   252  009E                     	;# 
   253  010C                     	;# 
   254  010D                     	;# 
   255  0111                     	;# 
   256  0112                     	;# 
   257  0113                     	;# 
   258  0114                     	;# 
   259  0115                     	;# 
   260  0116                     	;# 
   261  0117                     	;# 
   262  0118                     	;# 
   263  0119                     	;# 
   264  011A                     	;# 
   265  011B                     	;# 
   266  011D                     	;# 
   267  011E                     	;# 
   268  018C                     	;# 
   269  018D                     	;# 
   270  0191                     	;# 
   271  0191                     	;# 
   272  0192                     	;# 
   273  0193                     	;# 
   274  0193                     	;# 
   275  0193                     	;# 
   276  0194                     	;# 
   277  0195                     	;# 
   278  0196                     	;# 
   279  0199                     	;# 
   280  019A                     	;# 
   281  019B                     	;# 
   282  019B                     	;# 
   283  019B                     	;# 
   284  019B                     	;# 
   285  019C                     	;# 
   286  019C                     	;# 
   287  019D                     	;# 
   288  019E                     	;# 
   289  019F                     	;# 
   290  020C                     	;# 
   291  020D                     	;# 
   292  0211                     	;# 
   293  0211                     	;# 
   294  0212                     	;# 
   295  0212                     	;# 
   296  0213                     	;# 
   297  0213                     	;# 
   298  0214                     	;# 
   299  0214                     	;# 
   300  0215                     	;# 
   301  0215                     	;# 
   302  0215                     	;# 
   303  0216                     	;# 
   304  0216                     	;# 
   305  0217                     	;# 
   306  0217                     	;# 
   307  0219                     	;# 
   308  021A                     	;# 
   309  021B                     	;# 
   310  021C                     	;# 
   311  021D                     	;# 
   312  021E                     	;# 
   313  021F                     	;# 
   314  0291                     	;# 
   315  0291                     	;# 
   316  0292                     	;# 
   317  0293                     	;# 
   318  0294                     	;# 
   319  0295                     	;# 
   320  0295                     	;# 
   321  0296                     	;# 
   322  0298                     	;# 
   323  0298                     	;# 
   324  0299                     	;# 
   325  029A                     	;# 
   326  029B                     	;# 
   327  029C                     	;# 
   328  029C                     	;# 
   329  029D                     	;# 
   330  029E                     	;# 
   331  029E                     	;# 
   332  0311                     	;# 
   333  0311                     	;# 
   334  0312                     	;# 
   335  0313                     	;# 
   336  0318                     	;# 
   337  0318                     	;# 
   338  0319                     	;# 
   339  031A                     	;# 
   340  0394                     	;# 
   341  0395                     	;# 
   342  0396                     	;# 
   343  039A                     	;# 
   344  039C                     	;# 
   345  039D                     	;# 
   346  039E                     	;# 
   347  039F                     	;# 
   348  0415                     	;# 
   349  0416                     	;# 
   350  0417                     	;# 
   351  041C                     	;# 
   352  041D                     	;# 
   353  041E                     	;# 
   354  0FE4                     	;# 
   355  0FE5                     	;# 
   356  0FE6                     	;# 
   357  0FE7                     	;# 
   358  0FE8                     	;# 
   359  0FE9                     	;# 
   360  0FEA                     	;# 
   361  0FEB                     	;# 
   362  0FED                     	;# 
   363  0FEE                     	;# 
   364  0FEF                     	;# 
   365  0000                     	;# 
   366  0001                     	;# 
   367  0002                     	;# 
   368  0003                     	;# 
   369  0004                     	;# 
   370  0005                     	;# 
   371  0006                     	;# 
   372  0007                     	;# 
   373  0008                     	;# 
   374  0009                     	;# 
   375  000A                     	;# 
   376  000B                     	;# 
   377  000C                     	;# 
   378  000D                     	;# 
   379  0011                     	;# 
   380  0012                     	;# 
   381  0013                     	;# 
   382  0014                     	;# 
   383  0015                     	;# 
   384  0016                     	;# 
   385  0016                     	;# 
   386  0017                     	;# 
   387  0018                     	;# 
   388  0019                     	;# 
   389  001A                     	;# 
   390  001B                     	;# 
   391  001C                     	;# 
   392  001E                     	;# 
   393  001F                     	;# 
   394  008C                     	;# 
   395  008D                     	;# 
   396  0091                     	;# 
   397  0092                     	;# 
   398  0093                     	;# 
   399  0094                     	;# 
   400  0095                     	;# 
   401  0096                     	;# 
   402  0097                     	;# 
   403  0098                     	;# 
   404  0099                     	;# 
   405  009A                     	;# 
   406  009B                     	;# 
   407  009B                     	;# 
   408  009C                     	;# 
   409  009D                     	;# 
   410  009E                     	;# 
   411  010C                     	;# 
   412  010D                     	;# 
   413  0111                     	;# 
   414  0112                     	;# 
   415  0113                     	;# 
   416  0114                     	;# 
   417  0115                     	;# 
   418  0116                     	;# 
   419  0117                     	;# 
   420  0118                     	;# 
   421  0119                     	;# 
   422  011A                     	;# 
   423  011B                     	;# 
   424  011D                     	;# 
   425  011E                     	;# 
   426  018C                     	;# 
   427  018D                     	;# 
   428  0191                     	;# 
   429  0191                     	;# 
   430  0192                     	;# 
   431  0193                     	;# 
   432  0193                     	;# 
   433  0193                     	;# 
   434  0194                     	;# 
   435  0195                     	;# 
   436  0196                     	;# 
   437  0199                     	;# 
   438  019A                     	;# 
   439  019B                     	;# 
   440  019B                     	;# 
   441  019B                     	;# 
   442  019B                     	;# 
   443  019C                     	;# 
   444  019C                     	;# 
   445  019D                     	;# 
   446  019E                     	;# 
   447  019F                     	;# 
   448  020C                     	;# 
   449  020D                     	;# 
   450  0211                     	;# 
   451  0211                     	;# 
   452  0212                     	;# 
   453  0212                     	;# 
   454  0213                     	;# 
   455  0213                     	;# 
   456  0214                     	;# 
   457  0214                     	;# 
   458  0215                     	;# 
   459  0215                     	;# 
   460  0215                     	;# 
   461  0216                     	;# 
   462  0216                     	;# 
   463  0217                     	;# 
   464  0217                     	;# 
   465  0219                     	;# 
   466  021A                     	;# 
   467  021B                     	;# 
   468  021C                     	;# 
   469  021D                     	;# 
   470  021E                     	;# 
   471  021F                     	;# 
   472  0291                     	;# 
   473  0291                     	;# 
   474  0292                     	;# 
   475  0293                     	;# 
   476  0294                     	;# 
   477  0295                     	;# 
   478  0295                     	;# 
   479  0296                     	;# 
   480  0298                     	;# 
   481  0298                     	;# 
   482  0299                     	;# 
   483  029A                     	;# 
   484  029B                     	;# 
   485  029C                     	;# 
   486  029C                     	;# 
   487  029D                     	;# 
   488  029E                     	;# 
   489  029E                     	;# 
   490  0311                     	;# 
   491  0311                     	;# 
   492  0312                     	;# 
   493  0313                     	;# 
   494  0318                     	;# 
   495  0318                     	;# 
   496  0319                     	;# 
   497  031A                     	;# 
   498  0394                     	;# 
   499  0395                     	;# 
   500  0396                     	;# 
   501  039A                     	;# 
   502  039C                     	;# 
   503  039D                     	;# 
   504  039E                     	;# 
   505  039F                     	;# 
   506  0415                     	;# 
   507  0416                     	;# 
   508  0417                     	;# 
   509  041C                     	;# 
   510  041D                     	;# 
   511  041E                     	;# 
   512  0FE4                     	;# 
   513  0FE5                     	;# 
   514  0FE6                     	;# 
   515  0FE7                     	;# 
   516  0FE8                     	;# 
   517  0FE9                     	;# 
   518  0FEA                     	;# 
   519  0FEB                     	;# 
   520  0FED                     	;# 
   521  0FEE                     	;# 
   522  0FEF                     	;# 
   523  0000                     	;# 
   524  0001                     	;# 
   525  0002                     	;# 
   526  0003                     	;# 
   527  0004                     	;# 
   528  0005                     	;# 
   529  0006                     	;# 
   530  0007                     	;# 
   531  0008                     	;# 
   532  0009                     	;# 
   533  000A                     	;# 
   534  000B                     	;# 
   535  000C                     	;# 
   536  000D                     	;# 
   537  0011                     	;# 
   538  0012                     	;# 
   539  0013                     	;# 
   540  0014                     	;# 
   541  0015                     	;# 
   542  0016                     	;# 
   543  0016                     	;# 
   544  0017                     	;# 
   545  0018                     	;# 
   546  0019                     	;# 
   547  001A                     	;# 
   548  001B                     	;# 
   549  001C                     	;# 
   550  001E                     	;# 
   551  001F                     	;# 
   552  008C                     	;# 
   553  008D                     	;# 
   554  0091                     	;# 
   555  0092                     	;# 
   556  0093                     	;# 
   557  0094                     	;# 
   558  0095                     	;# 
   559  0096                     	;# 
   560  0097                     	;# 
   561  0098                     	;# 
   562  0099                     	;# 
   563  009A                     	;# 
   564  009B                     	;# 
   565  009B                     	;# 
   566  009C                     	;# 
   567  009D                     	;# 
   568  009E                     	;# 
   569  010C                     	;# 
   570  010D                     	;# 
   571  0111                     	;# 
   572  0112                     	;# 
   573  0113                     	;# 
   574  0114                     	;# 
   575  0115                     	;# 
   576  0116                     	;# 
   577  0117                     	;# 
   578  0118                     	;# 
   579  0119                     	;# 
   580  011A                     	;# 
   581  011B                     	;# 
   582  011D                     	;# 
   583  011E                     	;# 
   584  018C                     	;# 
   585  018D                     	;# 
   586  0191                     	;# 
   587  0191                     	;# 
   588  0192                     	;# 
   589  0193                     	;# 
   590  0193                     	;# 
   591  0193                     	;# 
   592  0194                     	;# 
   593  0195                     	;# 
   594  0196                     	;# 
   595  0199                     	;# 
   596  019A                     	;# 
   597  019B                     	;# 
   598  019B                     	;# 
   599  019B                     	;# 
   600  019B                     	;# 
   601  019C                     	;# 
   602  019C                     	;# 
   603  019D                     	;# 
   604  019E                     	;# 
   605  019F                     	;# 
   606  020C                     	;# 
   607  020D                     	;# 
   608  0211                     	;# 
   609  0211                     	;# 
   610  0212                     	;# 
   611  0212                     	;# 
   612  0213                     	;# 
   613  0213                     	;# 
   614  0214                     	;# 
   615  0214                     	;# 
   616  0215                     	;# 
   617  0215                     	;# 
   618  0215                     	;# 
   619  0216                     	;# 
   620  0216                     	;# 
   621  0217                     	;# 
   622  0217                     	;# 
   623  0219                     	;# 
   624  021A                     	;# 
   625  021B                     	;# 
   626  021C                     	;# 
   627  021D                     	;# 
   628  021E                     	;# 
   629  021F                     	;# 
   630  0291                     	;# 
   631  0291                     	;# 
   632  0292                     	;# 
   633  0293                     	;# 
   634  0294                     	;# 
   635  0295                     	;# 
   636  0295                     	;# 
   637  0296                     	;# 
   638  0298                     	;# 
   639  0298                     	;# 
   640  0299                     	;# 
   641  029A                     	;# 
   642  029B                     	;# 
   643  029C                     	;# 
   644  029C                     	;# 
   645  029D                     	;# 
   646  029E                     	;# 
   647  029E                     	;# 
   648  0311                     	;# 
   649  0311                     	;# 
   650  0312                     	;# 
   651  0313                     	;# 
   652  0318                     	;# 
   653  0318                     	;# 
   654  0319                     	;# 
   655  031A                     	;# 
   656  0394                     	;# 
   657  0395                     	;# 
   658  0396                     	;# 
   659  039A                     	;# 
   660  039C                     	;# 
   661  039D                     	;# 
   662  039E                     	;# 
   663  039F                     	;# 
   664  0415                     	;# 
   665  0416                     	;# 
   666  0417                     	;# 
   667  041C                     	;# 
   668  041D                     	;# 
   669  041E                     	;# 
   670  0FE4                     	;# 
   671  0FE5                     	;# 
   672  0FE6                     	;# 
   673  0FE7                     	;# 
   674  0FE8                     	;# 
   675  0FE9                     	;# 
   676  0FEA                     	;# 
   677  0FEB                     	;# 
   678  0FED                     	;# 
   679  0FEE                     	;# 
   680  0FEF                     	;# 
   681  0095                     _OPTION_REGbits	set	149
   682  008D                     _TRISB	set	141
   683  008C                     _TRISA	set	140
   684  0097                     _WDTCON	set	151
   685  0098                     _OSCTUNE	set	152
   686  0099                     _OSCCON	set	153
   687  011E                     _APFCON1	set	286
   688  011D                     _APFCON0	set	285
   689  010D                     _LATB	set	269
   690  010C                     _LATA	set	268
   691  0116                     _BORCON	set	278
   692  018C                     _ANSELA	set	396
   693  018D                     _ANSELB	set	397
   694  020C                     _WPUA	set	524
   695  020D                     _WPUB	set	525
   696                           
   697                           	psect	cinit
   698  07FD                     start_initialization:	
   699                           ; #config settings
   700                           
   701  07FD                     __initialization:
   702  07FD                     end_of_initialization:	
   703                           ;End of C runtime variable initialization code
   704                           
   705  07FD                     __end_of__initialization:
   706  07FD  0020               	movlb	0
   707  07FE  3187  2FD0         	ljmp	_main	;jump to C main() function
   708                           
   709                           	psect	cstackCOMMON
   710  0000                     __pcstackCOMMON:
   711  0000                     ?_PIN_MANAGER_Initialize:
   712  0000                     ??_PIN_MANAGER_Initialize:	
   713                           ; 1 bytes @ 0x0
   714                           
   715  0000                     ?_OSCILLATOR_Initialize:	
   716                           ; 1 bytes @ 0x0
   717                           
   718  0000                     ??_OSCILLATOR_Initialize:	
   719                           ; 1 bytes @ 0x0
   720                           
   721  0000                     ?_WDT_Initialize:	
   722                           ; 1 bytes @ 0x0
   723                           
   724  0000                     ??_WDT_Initialize:	
   725                           ; 1 bytes @ 0x0
   726                           
   727  0000                     ?_SYSTEM_Initialize:	
   728                           ; 1 bytes @ 0x0
   729                           
   730  0000                     ??_SYSTEM_Initialize:	
   731                           ; 1 bytes @ 0x0
   732                           
   733  0000                     ?_main:	
   734                           ; 1 bytes @ 0x0
   735                           
   736  0000                     ??_main:	
   737                           ; 1 bytes @ 0x0
   738                           
   739                           
   740                           	psect	maintext
   741  07D0                     __pmaintext:	
   742                           ; 1 bytes @ 0x0
   743 ;;
   744 ;;Main: autosize = 0, tempsize = 0, incstack = 0, save=0
   745 ;;
   746 ;; *************** function _main *****************
   747 ;; Defined at:
   748 ;;		line 7 in file "main.c"
   749 ;; Parameters:    Size  Location     Type
   750 ;;		None
   751 ;; Auto vars:     Size  Location     Type
   752 ;;		None
   753 ;; Return value:  Size  Location     Type
   754 ;;                  1    wreg      void 
   755 ;; Registers used:
   756 ;;		wreg, status,2, status,0, pclath, cstack
   757 ;; Tracked objects:
   758 ;;		On entry : B1F/0
   759 ;;		On exit  : 0/0
   760 ;;		Unchanged: 0/0
   761 ;; Data sizes:     COMMON   BANK0   BANK1   BANK2   BANK3   BANK4
   762 ;;      Params:         0       0       0       0       0       0
   763 ;;      Locals:         0       0       0       0       0       0
   764 ;;      Temps:          0       0       0       0       0       0
   765 ;;      Totals:         0       0       0       0       0       0
   766 ;;Total ram usage:        0 bytes
   767 ;; Hardware stack levels required when called: 2
   768 ;; This function calls:
   769 ;;		_SYSTEM_Initialize
   770 ;; This function is called by:
   771 ;;		Startup code after reset
   772 ;; This function uses a non-reentrant model
   773 ;;
   774                           
   775                           
   776                           ;psect for function _main
   777  07D0                     _main:
   778  07D0                     l691:	
   779                           ;incstack = 0
   780                           ; Regs used in _main: [wreg+status,2+status,0+pclath+cstack]
   781                           
   782                           
   783                           ;main.c: 10:     SYSTEM_Initialize();
   784  07D0  3187  27DD  3187   	fcall	_SYSTEM_Initialize
   785  07D3                     l58:	
   786                           ;main.c: 13:     while (1)
   787                           
   788  07D3                     l59:	
   789                           ;main.c: 14:     {;main.c: 16:     }
   790                           
   791  07D3  2FD3               	goto	l58
   792  07D4  3180  2802         	ljmp	start
   793  07D6                     __end_of_main:
   794                           
   795                           	psect	text1
   796  07DD                     __ptext1:	
   797 ;; *************** function _SYSTEM_Initialize *****************
   798 ;; Defined at:
   799 ;;		line 50 in file "mcc_generated_files/mcc.c"
   800 ;; Parameters:    Size  Location     Type
   801 ;;		None
   802 ;; Auto vars:     Size  Location     Type
   803 ;;		None
   804 ;; Return value:  Size  Location     Type
   805 ;;                  1    wreg      void 
   806 ;; Registers used:
   807 ;;		wreg, status,2, status,0, pclath, cstack
   808 ;; Tracked objects:
   809 ;;		On entry : 0/0
   810 ;;		On exit  : 0/0
   811 ;;		Unchanged: 0/0
   812 ;; Data sizes:     COMMON   BANK0   BANK1   BANK2   BANK3   BANK4
   813 ;;      Params:         0       0       0       0       0       0
   814 ;;      Locals:         0       0       0       0       0       0
   815 ;;      Temps:          0       0       0       0       0       0
   816 ;;      Totals:         0       0       0       0       0       0
   817 ;;Total ram usage:        0 bytes
   818 ;; Hardware stack levels used: 1
   819 ;; Hardware stack levels required when called: 1
   820 ;; This function calls:
   821 ;;		_OSCILLATOR_Initialize
   822 ;;		_PIN_MANAGER_Initialize
   823 ;;		_WDT_Initialize
   824 ;; This function is called by:
   825 ;;		_main
   826 ;; This function uses a non-reentrant model
   827 ;;
   828                           
   829                           
   830                           ;psect for function _SYSTEM_Initialize
   831  07DD                     _SYSTEM_Initialize:
   832  07DD                     l689:	
   833                           ;incstack = 0
   834                           ; Regs used in _SYSTEM_Initialize: [wreg+status,2+status,0+pclath+cstack]
   835                           
   836                           
   837                           ;mcc_generated_files/mcc.c: 53:     PIN_MANAGER_Initialize();
   838  07DD  3187  27E7  3187   	fcall	_PIN_MANAGER_Initialize
   839                           
   840                           ;mcc_generated_files/mcc.c: 54:     OSCILLATOR_Initialize();
   841  07E0  3187  27D6  3187   	fcall	_OSCILLATOR_Initialize
   842                           
   843                           ;mcc_generated_files/mcc.c: 55:     WDT_Initialize();
   844  07E3  3187  27CC  3187   	fcall	_WDT_Initialize
   845  07E6                     l17:
   846  07E6  0008               	return
   847  07E7                     __end_of_SYSTEM_Initialize:
   848                           
   849                           	psect	text2
   850  07CC                     __ptext2:	
   851 ;; *************** function _WDT_Initialize *****************
   852 ;; Defined at:
   853 ;;		line 68 in file "mcc_generated_files/mcc.c"
   854 ;; Parameters:    Size  Location     Type
   855 ;;		None
   856 ;; Auto vars:     Size  Location     Type
   857 ;;		None
   858 ;; Return value:  Size  Location     Type
   859 ;;                  1    wreg      void 
   860 ;; Registers used:
   861 ;;		wreg
   862 ;; Tracked objects:
   863 ;;		On entry : 0/0
   864 ;;		On exit  : 0/0
   865 ;;		Unchanged: 0/0
   866 ;; Data sizes:     COMMON   BANK0   BANK1   BANK2   BANK3   BANK4
   867 ;;      Params:         0       0       0       0       0       0
   868 ;;      Locals:         0       0       0       0       0       0
   869 ;;      Temps:          0       0       0       0       0       0
   870 ;;      Totals:         0       0       0       0       0       0
   871 ;;Total ram usage:        0 bytes
   872 ;; Hardware stack levels used: 1
   873 ;; This function calls:
   874 ;;		Nothing
   875 ;; This function is called by:
   876 ;;		_SYSTEM_Initialize
   877 ;; This function uses a non-reentrant model
   878 ;;
   879                           
   880                           
   881                           ;psect for function _WDT_Initialize
   882  07CC                     _WDT_Initialize:
   883  07CC                     l687:	
   884                           ;incstack = 0
   885                           ; Regs used in _WDT_Initialize: [wreg]
   886                           
   887                           
   888                           ;mcc_generated_files/mcc.c: 71:     WDTCON = 0x16;
   889  07CC  3016               	movlw	22
   890  07CD  0021               	movlb	1	; select bank1
   891  07CE  0097               	movwf	23	;volatile
   892  07CF                     l23:
   893  07CF  0008               	return
   894  07D0                     __end_of_WDT_Initialize:
   895                           
   896                           	psect	text3
   897  07E7                     __ptext3:	
   898 ;; *************** function _PIN_MANAGER_Initialize *****************
   899 ;; Defined at:
   900 ;;		line 55 in file "mcc_generated_files/pin_manager.c"
   901 ;; Parameters:    Size  Location     Type
   902 ;;		None
   903 ;; Auto vars:     Size  Location     Type
   904 ;;		None
   905 ;; Return value:  Size  Location     Type
   906 ;;                  1    wreg      void 
   907 ;; Registers used:
   908 ;;		wreg, status,2
   909 ;; Tracked objects:
   910 ;;		On entry : 0/0
   911 ;;		On exit  : 0/0
   912 ;;		Unchanged: 0/0
   913 ;; Data sizes:     COMMON   BANK0   BANK1   BANK2   BANK3   BANK4
   914 ;;      Params:         0       0       0       0       0       0
   915 ;;      Locals:         0       0       0       0       0       0
   916 ;;      Temps:          0       0       0       0       0       0
   917 ;;      Totals:         0       0       0       0       0       0
   918 ;;Total ram usage:        0 bytes
   919 ;; Hardware stack levels used: 1
   920 ;; This function calls:
   921 ;;		Nothing
   922 ;; This function is called by:
   923 ;;		_SYSTEM_Initialize
   924 ;; This function uses a non-reentrant model
   925 ;;
   926                           
   927                           
   928                           ;psect for function _PIN_MANAGER_Initialize
   929  07E7                     _PIN_MANAGER_Initialize:
   930  07E7                     l669:	
   931                           ;incstack = 0
   932                           ; Regs used in _PIN_MANAGER_Initialize: [wreg+status,2]
   933                           
   934                           
   935                           ;mcc_generated_files/pin_manager.c: 60:     LATA = 0x00;
   936  07E7  0022               	movlb	2	; select bank2
   937  07E8  018C               	clrf	12	;volatile
   938                           
   939                           ;mcc_generated_files/pin_manager.c: 61:     LATB = 0x00;
   940  07E9  018D               	clrf	13	;volatile
   941  07EA                     l671:
   942                           
   943                           ;mcc_generated_files/pin_manager.c: 66:     TRISA = 0xFF;
   944  07EA  30FF               	movlw	255
   945  07EB  0021               	movlb	1	; select bank1
   946  07EC  008C               	movwf	12	;volatile
   947  07ED                     l673:
   948                           
   949                           ;mcc_generated_files/pin_manager.c: 67:     TRISB = 0xFF;
   950  07ED  30FF               	movlw	255
   951  07EE  008D               	movwf	13	;volatile
   952  07EF                     l675:
   953                           
   954                           ;mcc_generated_files/pin_manager.c: 72:     ANSELB = 0xFE;
   955  07EF  30FE               	movlw	254
   956  07F0  0023               	movlb	3	; select bank3
   957  07F1  008D               	movwf	13	;volatile
   958  07F2                     l677:
   959                           
   960                           ;mcc_generated_files/pin_manager.c: 73:     ANSELA = 0x1F;
   961  07F2  301F               	movlw	31
   962  07F3  008C               	movwf	12	;volatile
   963                           
   964                           ;mcc_generated_files/pin_manager.c: 78:     WPUB = 0x00;
   965  07F4  0024               	movlb	4	; select bank4
   966  07F5  018D               	clrf	13	;volatile
   967                           
   968                           ;mcc_generated_files/pin_manager.c: 79:     WPUA = 0x00;
   969  07F6  018C               	clrf	12	;volatile
   970  07F7                     l679:
   971                           
   972                           ;mcc_generated_files/pin_manager.c: 80:     OPTION_REGbits.nWPUEN = 1;
   973  07F7  0021               	movlb	1	; select bank1
   974  07F8  1795               	bsf	21,7	;volatile
   975                           
   976                           ;mcc_generated_files/pin_manager.c: 86:     APFCON0 = 0x00;
   977  07F9  0022               	movlb	2	; select bank2
   978  07FA  019D               	clrf	29	;volatile
   979                           
   980                           ;mcc_generated_files/pin_manager.c: 87:     APFCON1 = 0x00;
   981  07FB  019E               	clrf	30	;volatile
   982  07FC                     l48:
   983  07FC  0008               	return
   984  07FD                     __end_of_PIN_MANAGER_Initialize:
   985                           
   986                           	psect	text4
   987  07D6                     __ptext4:	
   988 ;; *************** function _OSCILLATOR_Initialize *****************
   989 ;; Defined at:
   990 ;;		line 58 in file "mcc_generated_files/mcc.c"
   991 ;; Parameters:    Size  Location     Type
   992 ;;		None
   993 ;; Auto vars:     Size  Location     Type
   994 ;;		None
   995 ;; Return value:  Size  Location     Type
   996 ;;                  1    wreg      void 
   997 ;; Registers used:
   998 ;;		wreg, status,2
   999 ;; Tracked objects:
  1000 ;;		On entry : 0/0
  1001 ;;		On exit  : 0/0
  1002 ;;		Unchanged: 0/0
  1003 ;; Data sizes:     COMMON   BANK0   BANK1   BANK2   BANK3   BANK4
  1004 ;;      Params:         0       0       0       0       0       0
  1005 ;;      Locals:         0       0       0       0       0       0
  1006 ;;      Temps:          0       0       0       0       0       0
  1007 ;;      Totals:         0       0       0       0       0       0
  1008 ;;Total ram usage:        0 bytes
  1009 ;; Hardware stack levels used: 1
  1010 ;; This function calls:
  1011 ;;		Nothing
  1012 ;; This function is called by:
  1013 ;;		_SYSTEM_Initialize
  1014 ;; This function uses a non-reentrant model
  1015 ;;
  1016                           
  1017                           
  1018                           ;psect for function _OSCILLATOR_Initialize
  1019  07D6                     _OSCILLATOR_Initialize:
  1020  07D6                     l681:	
  1021                           ;incstack = 0
  1022                           ; Regs used in _OSCILLATOR_Initialize: [wreg+status,2]
  1023                           
  1024                           
  1025                           ;mcc_generated_files/mcc.c: 61:     OSCCON = 0x70;
  1026  07D6  3070               	movlw	112
  1027  07D7  0021               	movlb	1	; select bank1
  1028  07D8  0099               	movwf	25	;volatile
  1029  07D9                     l683:
  1030                           
  1031                           ;mcc_generated_files/mcc.c: 63:     OSCTUNE = 0x00;
  1032  07D9  0198               	clrf	24	;volatile
  1033  07DA                     l685:
  1034                           
  1035                           ;mcc_generated_files/mcc.c: 65:     BORCON = 0x00;
  1036  07DA  0022               	movlb	2	; select bank2
  1037  07DB  0196               	clrf	22	;volatile
  1038  07DC                     l20:
  1039  07DC  0008               	return
  1040  07DD                     __end_of_OSCILLATOR_Initialize:
  1041  007E                     btemp	set	126	;btemp
  1042  007E                     wtemp0	set	126
  1043                           
  1044                           	psect	config
  1045                           
  1046                           ;Config register CONFIG1 @ 0x8007
  1047                           ;	Oscillator Selection
  1048                           ;	FOSC = INTOSC, INTOSC oscillator: I/O function on CLKIN pin
  1049                           ;	Watchdog Timer Enable
  1050                           ;	WDTE = OFF, WDT disabled
  1051                           ;	Power-up Timer Enable
  1052                           ;	PWRTE = OFF, PWRT disabled
  1053                           ;	MCLR Pin Function Select
  1054                           ;	MCLRE = ON, MCLR/VPP pin function is MCLR
  1055                           ;	Flash Program Memory Code Protection
  1056                           ;	CP = OFF, Program memory code protection is disabled
  1057                           ;	Data Memory Code Protection
  1058                           ;	CPD = OFF, Data memory code protection is disabled
  1059                           ;	Brown-out Reset Enable
  1060                           ;	BOREN = ON, Brown-out Reset enabled
  1061                           ;	Clock Out Enable
  1062                           ;	CLKOUTEN = OFF, CLKOUT function is disabled. I/O or oscillator function on the CLKOUT 
      +                          pin
  1063                           ;	Internal/External Switchover
  1064                           ;	IESO = ON, Internal/External Switchover mode is enabled
  1065                           ;	Fail-Safe Clock Monitor Enable
  1066                           ;	FCMEN = ON, Fail-Safe Clock Monitor is enabled
  1067  8007                     	org	32775
  1068  8007  3FE4               	dw	16356
  1069                           
  1070                           ;Config register CONFIG2 @ 0x8008
  1071                           ;	Flash Memory Self-Write Protection
  1072                           ;	WRT = OFF, Write protection off
  1073                           ;	PLL Enable
  1074                           ;	PLLEN = OFF, 4x PLL disabled
  1075                           ;	Stack Overflow/Underflow Reset Enable
  1076                           ;	STVREN = ON, Stack Overflow or Underflow will cause a Reset
  1077                           ;	Brown-out Reset Voltage Selection
  1078                           ;	BORV = LO, Brown-out Reset Voltage (Vbor), low trip point selected.
  1079                           ;	Low-Voltage Programming Enable
  1080                           ;	LVP = OFF, High-voltage on MCLR/VPP must be used for programming
  1081  8008                     	org	32776
  1082  8008  1EFF               	dw	7935

Data Sizes:
    Strings     0
    Constant    0
    Data        0
    BSS         0
    Persistent  32
    Stack       0

Auto Spaces:
    Space          Size  Autos    Used
    COMMON           14      0       0
    BANK0            80      0       0
    BANK1            80      0       0
    BANK2            80      0       0
    BANK3            80      0       0
    BANK4            48      0       0

Pointer List with Targets:

    None.

Critical Paths under _main in COMMON

    None.

Critical Paths under _main in BANK0

    None.

Critical Paths under _main in BANK1

    None.

Critical Paths under _main in BANK2

    None.

Critical Paths under _main in BANK3

    None.

Critical Paths under _main in BANK4

    None.

Call Graph Tables:

 ---------------------------------------------------------------------------------
 (Depth) Function   	        Calls       Base Space   Used Autos Params    Refs
 ---------------------------------------------------------------------------------
 (0) _main                                                 0     0      0       0
                  _SYSTEM_Initialize
 ---------------------------------------------------------------------------------
 (1) _SYSTEM_Initialize                                    0     0      0       0
              _OSCILLATOR_Initialize
             _PIN_MANAGER_Initialize
                     _WDT_Initialize
 ---------------------------------------------------------------------------------
 (2) _WDT_Initialize                                       0     0      0       0
 ---------------------------------------------------------------------------------
 (2) _PIN_MANAGER_Initialize                               0     0      0       0
 ---------------------------------------------------------------------------------
 (2) _OSCILLATOR_Initialize                                0     0      0       0
 ---------------------------------------------------------------------------------
 Estimated maximum stack depth 2
 ---------------------------------------------------------------------------------

 Call Graph Graphs:

 _main (ROOT)
   _SYSTEM_Initialize
     _OSCILLATOR_Initialize
     _PIN_MANAGER_Initialize
     _WDT_Initialize

 Address spaces:
Name               Size   Autos  Total    Cost      Usage
BIGRAM             170      0       0       0        0.0%
EEDATA             100      0       0       0        0.0%
NULL                 0      0       0       0        0.0%
CODE                 0      0       0       0        0.0%
BITCOMMON            E      0       0       1        0.0%
BITSFR0              0      0       0       1        0.0%
SFR0                 0      0       0       1        0.0%
COMMON               E      0       0       2        0.0%
BITSFR1              0      0       0       2        0.0%
SFR1                 0      0       0       2        0.0%
BITSFR2              0      0       0       3        0.0%
SFR2                 0      0       0       3        0.0%
STACK                0      0       0       3        0.0%
BITSFR3              0      0       0       4        0.0%
SFR3                 0      0       0       4        0.0%
ABS                  0      0       0       4        0.0%
BITBANK0            50      0       0       5        0.0%
BITSFR4              0      0       0       5        0.0%
SFR4                 0      0       0       5        0.0%
BANK0               50      0       0       6        0.0%
BITSFR5              0      0       0       6        0.0%
SFR5                 0      0       0       6        0.0%
BITBANK1            50      0       0       7        0.0%
BITSFR6              0      0       0       7        0.0%
SFR6                 0      0       0       7        0.0%
BANK1               50      0       0       8        0.0%
BITSFR7              0      0       0       8        0.0%
SFR7                 0      0       0       8        0.0%
BITBANK2            50      0       0       9        0.0%
BITSFR8              0      0       0       9        0.0%
SFR8                 0      0       0       9        0.0%
BANK2               50      0       0      10        0.0%
BITSFR9              0      0       0      10        0.0%
SFR9                 0      0       0      10        0.0%
BITBANK3            50      0       0      11        0.0%
BITSFR10             0      0       0      11        0.0%
SFR10                0      0       0      11        0.0%
BANK3               50      0       0      12        0.0%
BITSFR11             0      0       0      12        0.0%
SFR11                0      0       0      12        0.0%
BITBANK4            30      0       0      13        0.0%
BITSFR12             0      0       0      13        0.0%
SFR12                0      0       0      13        0.0%
BANK4               30      0       0      14        0.0%
BITSFR13             0      0       0      14        0.0%
SFR13                0      0       0      14        0.0%
BITSFR14             0      0       0      15        0.0%
SFR14                0      0       0      15        0.0%
DATA                 0      0       0      15        0.0%
BITSFR15             0      0       0      16        0.0%
SFR15                0      0       0      16        0.0%
BITSFR16             0      0       0      17        0.0%
SFR16                0      0       0      17        0.0%
BITSFR17             0      0       0      18        0.0%
SFR17                0      0       0      18        0.0%
BITSFR18             0      0       0      19        0.0%
SFR18                0      0       0      19        0.0%
BITSFR19             0      0       0      20        0.0%
SFR19                0      0       0      20        0.0%
BITSFR20             0      0       0      21        0.0%
SFR20                0      0       0      21        0.0%
BITSFR21             0      0       0      22        0.0%
SFR21                0      0       0      22        0.0%
BITSFR22             0      0       0      23        0.0%
SFR22                0      0       0      23        0.0%
BITSFR23             0      0       0      24        0.0%
SFR23                0      0       0      24        0.0%
BITSFR24             0      0       0      25        0.0%
SFR24                0      0       0      25        0.0%
BITSFR25             0      0       0      26        0.0%
SFR25                0      0       0      26        0.0%
BITSFR26             0      0       0      27        0.0%
SFR26                0      0       0      27        0.0%
BITSFR27             0      0       0      28        0.0%
SFR27                0      0       0      28        0.0%
BITSFR28             0      0       0      29        0.0%
SFR28                0      0       0      29        0.0%
BITSFR29             0      0       0      30        0.0%
SFR29                0      0       0      30        0.0%
BITSFR30             0      0       0      31        0.0%
SFR30                0      0       0      31        0.0%
BITSFR31             0      0       0      32        0.0%
SFR31                0      0       0      32        0.0%


Microchip Technology PIC Macro Assembler V2.32 build 20210201212658 
Symbol Table                                                                                   Sun Jul 04 18:00:41 2021

                             l20 07DC                               l23 07CF                               l17 07E6  
                             l48 07FC                               l58 07D3                               l59 07D3  
                            l671 07EA                              l681 07D6                              l673 07ED  
                            l683 07D9                              l675 07EF                              l691 07D0  
                            l685 07DA                              l677 07F2                              l669 07E7  
                            l679 07F7                              l687 07CC                              l689 07DD  
                           _LATA 010C                             _LATB 010D                             _WPUA 020C  
                           _WPUB 020D                             _main 07D0                             btemp 007E  
                           start 0002   __size_of_OSCILLATOR_Initialize 0007    __end_of_OSCILLATOR_Initialize 07DD  
                          ?_main 0000                            _TRISA 008C                            _TRISB 008D  
                 _WDT_Initialize 07CC                            wtemp0 007E                  __initialization 07FD  
                   __end_of_main 07D6                           ??_main 0000           __end_of_WDT_Initialize 07D0  
                         _ANSELA 018C                           _ANSELB 018D                           _BORCON 0116  
                         _OSCCON 0099                           _WDTCON 0097                  ?_WDT_Initialize 0000  
              _SYSTEM_Initialize 07DD          __end_of__initialization 07FD               ?_SYSTEM_Initialize 0000  
                 __pcstackCOMMON 0000              ??_SYSTEM_Initialize 0000                   _OPTION_REGbits 0095  
      __end_of_SYSTEM_Initialize 07E7                       __pmaintext 07D0                          _APFCON0 011D  
                        _APFCON1 011E                          _OSCTUNE 0098                          __ptext1 07DD  
                        __ptext2 07CC                          __ptext3 07E7                          __ptext4 07D6  
          _OSCILLATOR_Initialize 07D6         ??_PIN_MANAGER_Initialize 0000       __size_of_SYSTEM_Initialize 000A  
           end_of_initialization 07FD                 ??_WDT_Initialize 0000           ?_OSCILLATOR_Initialize 0000  
            start_initialization 07FD  __size_of_PIN_MANAGER_Initialize 0016                        ___latbits 0001  
         _PIN_MANAGER_Initialize 07E7          ??_OSCILLATOR_Initialize 0000                    __size_of_main 0006  
        __size_of_WDT_Initialize 0004          ?_PIN_MANAGER_Initialize 0000   __end_of_PIN_MANAGER_Initialize 07FD  
